# JRE version: OpenJDK Runtime Environment (8.0_131-b11) (build 1.8.0_131-8u131-b11-2ubuntu1.16.04.3-b11)
# Java VM: OpenJDK 64-Bit Server VM (25.131-b11 mixed mode linux-amd64 compressed oops)
Heap:
 PSYoungGen      total 68608K, used 52750K [0x00000000d6f80000, 0x00000000db780000, 0x0000000100000000)
  eden space 63488K, 77% used [0x00000000d6f80000,0x00000000d9f8ce70,0x00000000dad80000)
  from space 5120K, 69% used [0x00000000db280000,0x00000000db5f6a90,0x00000000db780000)
  to   space 5120K, 0% used [0x00000000dad80000,0x00000000dad80000,0x00000000db280000)
 ParOldGen       total 1315840K, used 1269768K [0x0000000084e00000, 0x00000000d5300000, 0x00000000d6f80000)
  object space 1315840K, 96% used [0x0000000084e00000,0x00000000d2602050,0x00000000d5300000)
 Metaspace       used 3540K, capacity 4566K, committed 4864K, reserved 1056768K
  class space    used 389K, capacity 390K, committed 512K, reserved 1048576K
GC Heap History (4 events):
Event: 0.176 GC heap before
{Heap before GC invocations=1 (full 0):
 PSYoungGen      total 36864K, used 31744K [0x00000000d6f80000, 0x00000000d9880000, 0x0000000100000000)
  eden space 31744K, 100% used [0x00000000d6f80000,0x00000000d8e80000,0x00000000d8e80000)
  from space 5120K, 0% used [0x00000000d9380000,0x00000000d9380000,0x00000000d9880000)
  to   space 5120K, 0% used [0x00000000d8e80000,0x00000000d8e80000,0x00000000d9380000)
 ParOldGen       total 84992K, used 0K [0x0000000084e00000, 0x000000008a100000, 0x00000000d6f80000)
  object space 84992K, 0% used [0x0000000084e00000,0x0000000084e00000,0x000000008a100000)
 Metaspace       used 3478K, capacity 4498K, committed 4864K, reserved 1056768K
  class space    used 385K, capacity 386K, committed 512K, reserved 1048576K
Event: 0.179 GC heap after
Heap after GC invocations=1 (full 0):
 PSYoungGen      total 36864K, used 2074K [0x00000000d6f80000, 0x00000000db780000, 0x0000000100000000)
  eden space 31744K, 0% used [0x00000000d6f80000,0x00000000d6f80000,0x00000000d8e80000)
  from space 5120K, 40% used [0x00000000d8e80000,0x00000000d9086a90,0x00000000d9380000)
  to   space 5120K, 0% used [0x00000000db280000,0x00000000db280000,0x00000000db780000)
 ParOldGen       total 84992K, used 8K [0x0000000084e00000, 0x000000008a100000, 0x00000000d6f80000)
  object space 84992K, 0% used [0x0000000084e00000,0x0000000084e02000,0x000000008a100000)
 Metaspace       used 3478K, capacity 4498K, committed 4864K, reserved 1056768K
  class space    used 385K, capacity 386K, committed 512K, reserved 1048576K
}
Event: 0.209 GC heap before
{Heap before GC invocations=2 (full 0):
 PSYoungGen      total 36864K, used 33818K [0x00000000d6f80000, 0x00000000db780000, 0x0000000100000000)
  eden space 31744K, 100% used [0x00000000d6f80000,0x00000000d8e80000,0x00000000d8e80000)
  from space 5120K, 40% used [0x00000000d8e80000,0x00000000d9086a90,0x00000000d9380000)
  to   space 5120K, 0% used [0x00000000db280000,0x00000000db280000,0x00000000db780000)
 ParOldGen       total 84992K, used 8K [0x0000000084e00000, 0x000000008a100000, 0x00000000d6f80000)
  object space 84992K, 0% used [0x0000000084e00000,0x0000000084e02000,0x000000008a100000)
 Metaspace       used 3481K, capacity 4498K, committed 4864K, reserved 1056768K
  class space    used 385K, capacity 386K, committed 512K, reserved 1048576K
Event: 0.214 GC heap after
Heap after GC invocations=2 (full 0):
 PSYoungGen      total 68608K, used 3546K [0x00000000d6f80000, 0x00000000db780000, 0x0000000100000000)
  eden space 63488K, 0% used [0x00000000d6f80000,0x00000000d6f80000,0x00000000dad80000)
  from space 5120K, 69% used [0x00000000db280000,0x00000000db5f6a90,0x00000000db780000)
  to   space 5120K, 0% used [0x00000000dad80000,0x00000000dad80000,0x00000000db280000)
 ParOldGen       total 84992K, used 8K [0x0000000084e00000, 0x000000008a100000, 0x00000000d6f80000)
  object space 84992K, 0% used [0x0000000084e00000,0x0000000084e02000,0x000000008a100000)
 Metaspace       used 3481K, capacity 4498K, committed 4864K, reserved 1056768K
  class space    used 385K, capacity 386K, committed 512K, reserved 1048576K
}

